<?xml version="1.0" encoding="UTF-8"?>
<!-- Generated by org.testng.reporters.JUnitReportReporter -->
<testsuite hostname="LAPTOP-QHPDE4KV" failures="0" tests="1" name="testCases.TC001_AccountRegistrationTest" time="0.134" errors="0" timestamp="2025-08-01T21:05:32 IST" skipped="0">
  <testcase classname="testCases.TC001_AccountRegistrationTest" name="verify_account_registration" time="0.134"/>
</testsuite> <!-- testCases.TC001_AccountRegistrationTest -->
